[debug] [2022-02-25T18:52:27.055Z] ----------------------------------------------------------------------
[debug] [2022-02-25T18:52:27.060Z] Command:       C:\Program Files\nodejs\node.exe C:\Users\User\AppData\Roaming\npm\node_modules\firebase-tools\lib\bin\firebase.js init
[debug] [2022-02-25T18:52:27.061Z] CLI Version:   10.2.1
[debug] [2022-02-25T18:52:27.061Z] Platform:      win32
[debug] [2022-02-25T18:52:27.061Z] Node Version:  v16.2.0
[debug] [2022-02-25T18:52:27.063Z] Time:          Fri Feb 25 2022 23:52:27 GMT+0500 (Uzbekistan Standard Time)
[debug] [2022-02-25T18:52:27.063Z] ----------------------------------------------------------------------
[debug] 
[debug] [2022-02-25T18:52:27.079Z] > command requires scopes: ["email","openid","https://www.googleapis.com/auth/cloudplatformprojects.readonly","https://www.googleapis.com/auth/firebase","https://www.googleapis.com/auth/cloud-platform"]
[debug] [2022-02-25T18:52:27.079Z] > authorizing via signed-in user (khaitovdev@gmail.com)
[info] 
     ######## #### ########  ######## ########     ###     ######  ########
     ##        ##  ##     ## ##       ##     ##  ##   ##  ##       ##
     ######    ##  ########  ######   ########  #########  ######  ######
     ##        ##  ##    ##  ##       ##     ## ##     ##       ## ##
     ##       #### ##     ## ######## ########  ##     ##  ######  ########

You're about to initialize a Firebase project in this directory:

  F:\YouTube Projects\For Testing\React Chat App\src

[info] 
=== Project Setup
[info] 
[info] First, let's associate this project directory with a Firebase project.
[info] You can create multiple project aliases by running firebase use --add, 
[info] but for now we'll just set up a default project.
[info] 
